
> vancomyzer-web@2.0.0 build
> react-scripts build

Creating an optimized production build...
Compiled with warnings.

Failed to parse source map from '/Users/mariocardenas/Projects/vancomyzer_website/frontend/node_modules/stylis-plugin-rtl/src/stylis-rtl.ts' file: Error: ENOENT: no such file or directory, open '/Users/mariocardenas/Projects/vancomyzer_website/frontend/node_modules/stylis-plugin-rtl/src/stylis-rtl.ts'

[eslint] 
src/context/BayesianContext.js
  Line 99:7:  React Hook useMemo has a missing dependency: 'lastResult'. Either include it or remove the dependency array  react-hooks/exhaustive-deps

Search for the keywords to learn more about each warning.
To ignore, add // eslint-disable-next-line to the line before.

File sizes after gzip:

  469.83 kB  build/static/js/main.7debcd7f.js
  43.14 kB   build/static/js/455.2c273dc5.chunk.js
  8.65 kB    build/static/js/213.960aa539.chunk.js
  1.39 kB    build/static/css/main.43f8387e.css

The project was built assuming it is hosted at /.
You can control this with the homepage field in your package.json.

The build folder is ready to be deployed.
You may serve it with a static server:

  npm install -g serve
  serve -s build

Find out more about deployment here:

  https://cra.link/deployment

